<?xml version="1.0" encoding="UTF-8"?><testsuite errors="0" failures="1" name="Realizar compras de articulos" skipped="0" tests="1" time="15.6" timestamp="2023-07-11 04:30:17"><testcase name="Agregar articulo al carrito de compras"><failure message="Expected enabled element was not enabled&#10;Build info: version: '3.141.59', revision: 'e82be7d358', time: '2018-11-14T08:17:03'&#10;System info: host: 'LAPSTFPE080', ip: '192.168.0.105', os.name: 'Windows 10', os.arch: 'amd64', os.version: '10.0', java.version: '1.8.0_202'&#10;Driver info: driver.version: unknown" type="net.thucydides.core.webdriver.exceptions.ElementShouldBeEnabledException">Expected enabled element was not enabled
Build info: version: '3.141.59', revision: 'e82be7d358', time: '2018-11-14T08:17:03'
System info: host: 'LAPSTFPE080', ip: '192.168.0.105', os.name: 'Windows 10', os.arch: 'amd64', os.version: '10.0', java.version: '1.8.0_202'
Driver info: driver.version: unknown</failure><system-err>Expected enabled element was not enabled
Build info: version: '3.141.59', revision: 'e82be7d358', time: '2018-11-14T08:17:03'
System info: host: 'LAPSTFPE080', ip: '192.168.0.105', os.name: 'Windows 10', os.arch: 'amd64', os.version: '10.0', java.version: '1.8.0_202'
Driver info: driver.version: unknown&#13;
stepdefinitions.RetoSteps.elDaClickEnLogin(RetoSteps.java:51)&#13;
✽.el da click en Login(src/test/resources/features/reto.feature:11)&#13;
</system-err></testcase></testsuite>